# JRE version: OpenJDK Runtime Environment (8.0_242-b01) (build 1.8.0_242-release-1644-b01)
# Java VM: OpenJDK 64-Bit Server VM (25.242-b01 mixed mode windows-amd64 compressed oops)
Heap:
 PSYoungGen      total 378368K, used 30658K [0x00000000d5580000, 0x00000000ef500000, 0x0000000100000000)
  eden space 339968K, 9% used [0x00000000d5580000,0x00000000d73709d8,0x00000000ea180000)
  from space 38400K, 0% used [0x00000000ec900000,0x00000000ec900000,0x00000000eee80000)
  to   space 40448K, 8% used [0x00000000ea180000,0x00000000ea4c3be0,0x00000000ec900000)
 ParOldGen       total 237056K, used 236667K [0x0000000080000000, 0x000000008e780000, 0x00000000d5580000)
  object space 237056K, 99% used [0x0000000080000000,0x000000008e71efa8,0x000000008e780000)
 Metaspace       used 114261K, capacity 119822K, committed 120856K, reserved 1155072K
  class space    used 14850K, capacity 15880K, committed 16168K, reserved 1048576K
GC Heap History (10 events):
Event: 544.380 GC heap before
{Heap before GC invocations=32 (full 4):
 PSYoungGen      total 316928K, used 285411K [0x00000000d5580000, 0x00000000eee80000, 0x0000000100000000)
  eden space 277504K, 100% used [0x00000000d5580000,0x00000000e6480000,0x00000000e6480000)
  from space 39424K, 20% used [0x00000000e6480000,0x00000000e6c38c08,0x00000000e8b00000)
  to   space 38400K, 0% used [0x00000000ec900000,0x00000000ec900000,0x00000000eee80000)
 ParOldGen       total 204288K, used 106489K [0x0000000080000000, 0x000000008c780000, 0x00000000d5580000)
  object space 204288K, 52% used [0x0000000080000000,0x00000000867fe6a0,0x000000008c780000)
 Metaspace       used 113847K, capacity 119880K, committed 119960K, reserved 1153024K
  class space    used 14906K, capacity 15995K, committed 16040K, reserved 1048576K
Event: 545.619 GC heap after
Heap after GC invocations=32 (full 4):
 PSYoungGen      total 378368K, used 26125K [0x00000000d5580000, 0x00000000ef500000, 0x0000000100000000)
  eden space 339968K, 0% used [0x00000000d5580000,0x00000000d5580000,0x00000000ea180000)
  from space 38400K, 68% used [0x00000000ec900000,0x00000000ee283740,0x00000000eee80000)
  to   space 40448K, 0% used [0x00000000ea180000,0x00000000ea180000,0x00000000ec900000)
 ParOldGen       total 204288K, used 111011K [0x0000000080000000, 0x000000008c780000, 0x00000000d5580000)
  object space 204288K, 54% used [0x0000000080000000,0x0000000086c68db8,0x000000008c780000)
 Metaspace       used 113847K, capacity 119880K, committed 119960K, reserved 1153024K
  class space    used 14906K, capacity 15995K, committed 16040K, reserved 1048576K
}
Event: 553.983 GC heap before
{Heap before GC invocations=33 (full 4):
 PSYoungGen      total 378368K, used 366093K [0x00000000d5580000, 0x00000000ef500000, 0x0000000100000000)
  eden space 339968K, 100% used [0x00000000d5580000,0x00000000ea180000,0x00000000ea180000)
  from space 38400K, 68% used [0x00000000ec900000,0x00000000ee283740,0x00000000eee80000)
  to   space 40448K, 0% used [0x00000000ea180000,0x00000000ea180000,0x00000000ec900000)
 ParOldGen       total 204288K, used 111011K [0x0000000080000000, 0x000000008c780000, 0x00000000d5580000)
  object space 204288K, 54% used [0x0000000080000000,0x0000000086c68db8,0x000000008c780000)
 Metaspace       used 114047K, capacity 120152K, committed 120216K, reserved 1153024K
  class space    used 14914K, capacity 16033K, committed 16040K, reserved 1048576K
Event: 555.776 GC heap after
Heap after GC invocations=33 (full 4):
 PSYoungGen      total 378368K, used 366093K [0x00000000d5580000, 0x00000000ef500000, 0x0000000100000000)
  eden space 339968K, 100% used [0x00000000d5580000,0x00000000ea180000,0x00000000ea180000)
  from space 38400K, 68% used [0x00000000ec900000,0x00000000ee283740,0x00000000eee80000)
  to   space 40448K, 99% used [0x00000000ea180000,0x00000000ec8ffba0,0x00000000ec900000)
 ParOldGen       total 237056K, used 236651K [0x0000000080000000, 0x000000008e780000, 0x00000000d5580000)
  object space 237056K, 99% used [0x0000000080000000,0x000000008e71af60,0x000000008e780000)
 Metaspace       used 114047K, capacity 120152K, committed 120216K, reserved 1153024K
  class space    used 14914K, capacity 16033K, committed 16040K, reserved 1048576K
}
Event: 555.778 GC heap before
{Heap before GC invocations=34 (full 5):
 PSYoungGen      total 378368K, used 366093K [0x00000000d5580000, 0x00000000ef500000, 0x0000000100000000)
  eden space 339968K, 100% used [0x00000000d5580000,0x00000000ea180000,0x00000000ea180000)
  from space 38400K, 68% used [0x00000000ec900000,0x00000000ee283740,0x00000000eee80000)
  to   space 40448K, 99% used [0x00000000ea180000,0x00000000ec8ffba0,0x00000000ec900000)
 ParOldGen       total 237056K, used 236651K [0x0000000080000000, 0x000000008e780000, 0x00000000d5580000)
  object space 237056K, 99% used [0x0000000080000000,0x000000008e71af60,0x000000008e780000)
 Metaspace       used 114047K, capacity 120152K, committed 120216K, reserved 1153024K
  class space    used 14914K, capacity 16033K, committed 16040K, reserved 1048576K
Event: 566.118 GC heap after
Heap after GC invocations=34 (full 5):
 PSYoungGen      total 378368K, used 0K [0x00000000d5580000, 0x00000000ef500000, 0x0000000100000000)
  eden space 339968K, 0% used [0x00000000d5580000,0x00000000d5580000,0x00000000ea180000)
  from space 38400K, 0% used [0x00000000ec900000,0x00000000ec900000,0x00000000eee80000)
  to   space 40448K, 92% used [0x00000000ea180000,0x00000000ec5e1530,0x00000000ec900000)
 ParOldGen       total 237056K, used 236608K [0x0000000080000000, 0x000000008e780000, 0x00000000d5580000)
  object space 237056K, 99% used [0x0000000080000000,0x000000008e7100d0,0x000000008e780000)
 Metaspace       used 113685K, capacity 119184K, committed 120216K, reserved 1153024K
  class space    used 14790K, capacity 15815K, committed 16040K, reserved 1048576K
}
Event: 572.755 GC heap before
{Heap before GC invocations=35 (full 6):
 PSYoungGen      total 378368K, used 339968K [0x00000000d5580000, 0x00000000ef500000, 0x0000000100000000)
  eden space 339968K, 100% used [0x00000000d5580000,0x00000000ea180000,0x00000000ea180000)
  from space 38400K, 0% used [0x00000000ec900000,0x00000000ec900000,0x00000000eee80000)
  to   space 40448K, 92% used [0x00000000ea180000,0x00000000ec5e1530,0x00000000ec900000)
 ParOldGen       total 237056K, used 236608K [0x0000000080000000, 0x000000008e780000, 0x00000000d5580000)
  object space 237056K, 99% used [0x0000000080000000,0x000000008e7100d0,0x000000008e780000)
 Metaspace       used 113965K, capacity 119570K, committed 120600K, reserved 1153024K
  class space    used 14833K, capacity 15868K, committed 16168K, reserved 1048576K
Event: 582.449 GC heap after
Heap after GC invocations=35 (full 6):
 PSYoungGen      total 378368K, used 0K [0x00000000d5580000, 0x00000000ef500000, 0x0000000100000000)
  eden space 339968K, 0% used [0x00000000d5580000,0x00000000d5580000,0x00000000ea180000)
  from space 38400K, 0% used [0x00000000ec900000,0x00000000ec900000,0x00000000eee80000)
  to   space 40448K, 74% used [0x00000000ea180000,0x00000000ebee9f08,0x00000000ec900000)
 ParOldGen       total 237056K, used 236649K [0x0000000080000000, 0x000000008e780000, 0x00000000d5580000)
  object space 237056K, 99% used [0x0000000080000000,0x000000008e71a488,0x000000008e780000)
 Metaspace       used 113965K, capacity 119570K, committed 120600K, reserved 1153024K
  class space    used 14833K, capacity 15868K, committed 16168K, reserved 1048576K
}
Event: 588.642 GC heap before
{Heap before GC invocations=36 (full 7):
 PSYoungGen      total 378368K, used 339968K [0x00000000d5580000, 0x00000000ef500000, 0x0000000100000000)
  eden space 339968K, 100% used [0x00000000d5580000,0x00000000ea180000,0x00000000ea180000)
  from space 38400K, 0% used [0x00000000ec900000,0x00000000ec900000,0x00000000eee80000)
  to   space 40448K, 74% used [0x00000000ea180000,0x00000000ebee9f08,0x00000000ec900000)
 ParOldGen       total 237056K, used 236649K [0x0000000080000000, 0x000000008e780000, 0x00000000d5580000)
  object space 237056K, 99% used [0x0000000080000000,0x000000008e71a488,0x000000008e780000)
 Metaspace       used 114236K, capacity 119816K, committed 120856K, reserved 1155072K
  class space    used 14847K, capacity 15879K, committed 16168K, reserved 1048576K
Event: 592.709 GC heap after
Heap after GC invocations=36 (full 7):
 PSYoungGen      total 378368K, used 0K [0x00000000d5580000, 0x00000000ef500000, 0x0000000100000000)
  eden space 339968K, 0% used [0x00000000d5580000,0x00000000d5580000,0x00000000ea180000)
  from space 38400K, 0% used [0x00000000ec900000,0x00000000ec900000,0x00000000eee80000)
  to   space 40448K, 8% used [0x00000000ea180000,0x00000000ea4c3be0,0x00000000ec900000)
 ParOldGen       total 237056K, used 236667K [0x0000000080000000, 0x000000008e780000, 0x00000000d5580000)
  object space 237056K, 99% used [0x0000000080000000,0x000000008e71efa8,0x000000008e780000)
 Metaspace       used 114236K, capacity 119816K, committed 120856K, reserved 1155072K
  class space    used 14847K, capacity 15879K, committed 16168K, reserved 1048576K
}

